<?xml version="1.0" encoding="UTF-8"?>
<testsuite xmlns:xsi="http://www.w3.org/2001/XMLSchema-instance" xsi:noNamespaceSchemaLocation="https://maven.apache.org/surefire/maven-surefire-plugin/xsd/surefire-test-report.xsd" version="3.0.2" name="TestSuite" time="13.853" tests="4" errors="0" skipped="0" failures="0">
  <properties>
[...]
</properties>
  <testcase name="OpenApp" classname="Demo.OrangeHRMTest" time="11.27">
    <system-err><![CDATA[SLF4J: Failed to load class "org.slf4j.impl.StaticLoggerBinder".
SLF4J: Defaulting to no-operation (NOP) logger implementation
SLF4J: See http://www.slf4j.org/codes.html#StaticLoggerBinder for further details.
Starting ChromeDriver 140.0.7339.185 (eeea00e459e8b6cd69698eda5b236a0d4cb3234d-refs/branch-heads/7339_150@{#3}) on port 23761
Only local connections are allowed.
Please see https://chromedriver.chromium.org/security-considerations for suggestions on keeping ChromeDriver safe.
ChromeDriver was started successfully on port 23761.
Sept 24, 2025 9:01:45 PM org.openqa.selenium.remote.ProtocolHandshake createSession
INFO: Detected dialect: W3C
]]></system-err>
  </testcase>
  <testcase name="testLogo" classname="Demo.OrangeHRMTest" time="1.087">
    <system-out><![CDATA[Logo is visibletrue
]]></system-out>
  </testcase>
  <testcase name="login" classname="Demo.OrangeHRMTest" time="0.306"/>
  <testcase name="logout" classname="Demo.OrangeHRMTest" time="0.279"/>
</testsuite>