<?xml version="1.0" encoding="UTF-8"?>
<testng-results ignored="0" total="4" passed="4" failed="0" skipped="0">
  <reporter-output>
  </reporter-output>
  <suite started-at="2025-09-24T20:29:53 IST" name="Default suite" finished-at="2025-09-24T20:30:04 IST" duration-ms="11888">
    <groups>
    </groups>
    <test started-at="2025-09-24T20:29:53 IST" name="Default test" finished-at="2025-09-24T20:30:04 IST" duration-ms="11888">
      <class name="Demo.OrangeHRMTest">
        <test-method signature="OpenApp()[pri:1, instance:Demo.OrangeHRMTest@2e55dd0c]" started-at="2025-09-24T20:29:53 IST" name="OpenApp" finished-at="2025-09-24T20:30:02 IST" duration-ms="9704" status="PASS">
          <reporter-output>
          </reporter-output>
        </test-method> <!-- OpenApp -->
        <test-method signature="testLogo()[pri:2, instance:Demo.OrangeHRMTest@2e55dd0c]" started-at="2025-09-24T20:30:02 IST" name="testLogo" finished-at="2025-09-24T20:30:04 IST" duration-ms="1209" status="PASS">
          <reporter-output>
          </reporter-output>
        </test-method> <!-- testLogo -->
        <test-method signature="login()[pri:3, instance:Demo.OrangeHRMTest@2e55dd0c]" started-at="2025-09-24T20:30:04 IST" name="login" finished-at="2025-09-24T20:30:04 IST" duration-ms="546" status="PASS">
          <reporter-output>
          </reporter-output>
        </test-method> <!-- login -->
        <test-method signature="logout()[pri:4, instance:Demo.OrangeHRMTest@2e55dd0c]" started-at="2025-09-24T20:30:04 IST" name="logout" finished-at="2025-09-24T20:30:04 IST" duration-ms="255" status="PASS">
          <reporter-output>
          </reporter-output>
        </test-method> <!-- logout -->
      </class> <!-- Demo.OrangeHRMTest -->
    </test> <!-- Default test -->
  </suite> <!-- Default suite -->
</testng-results>
